proguard/mapping.txt
com.pindroid.action.AddBookmarkTask -> com.pindroid.f.c:
    android.content.Context context -> a
    com.pindroid.providers.BookmarkContent$Bookmark bookmark -> b
    com.pindroid.providers.BookmarkContent$Bookmark oldBookmark -> c
    android.accounts.Account account -> d
    java.lang.Boolean update -> e
    java.lang.Boolean doInBackground(com.pindroid.action.BookmarkTaskArgs[]) -> a
    void onPostExecute(java.lang.Object) -> onPostExecute
    java.lang.Object doInBackground(java.lang.Object[]) -> doInBackground
com.pindroid.action.BookmarkTaskArgs -> com.pindroid.f.a:
    com.pindroid.providers.BookmarkContent$Bookmark bookmark -> a
    com.pindroid.providers.BookmarkContent$Bookmark oldBookmark -> b
    android.accounts.Account account -> c
    android.content.Context context -> d
    java.lang.Boolean update -> e
    com.pindroid.providers.BookmarkContent$Bookmark getBookmark() -> a
    com.pindroid.providers.BookmarkContent$Bookmark getOldBookmark() -> b
    android.accounts.Account getAccount() -> c
    android.content.Context getContext() -> d
    java.lang.Boolean getUpdate() -> e
com.pindroid.action.DeleteBookmarkTask -> com.pindroid.f.d:
    android.content.Context context -> a
    com.pindroid.providers.BookmarkContent$Bookmark bookmark -> b
    android.accounts.Account account -> c
    java.lang.Boolean doInBackground(com.pindroid.action.BookmarkTaskArgs[]) -> a
    void onPostExecute(java.lang.Object) -> onPostExecute
    java.lang.Object doInBackground(java.lang.Object[]) -> doInBackground
com.pindroid.action.MarkReadBookmarkTask -> com.pindroid.f.b:
    android.content.Context context -> a
    com.pindroid.providers.BookmarkContent$Bookmark bookmark -> b
    android.accounts.Account account -> c
    java.lang.Boolean doInBackground(com.pindroid.action.BookmarkTaskArgs[]) -> a
    void onPostExecute(java.lang.Object) -> onPostExecute
    java.lang.Object doInBackground(java.lang.Object[]) -> doInBackground
com.pindroid.activity.AboutActivity -> com.pindroid.activity.AboutActivity:
    void onCreate(android.os.Bundle) -> onCreate
com.pindroid.activity.AddBookmark -> com.pindroid.activity.AddBookmark:
    android.widget.EditText mEditUrl -> h
    android.widget.EditText mEditDescription -> i
    android.widget.ProgressBar mDescriptionProgress -> j
    android.widget.EditText mEditNotes -> k
    android.widget.EditText mEditTags -> l
    android.widget.TextView mRecommendedTags -> m
    android.widget.ProgressBar mRecommendedProgress -> n
    android.widget.TextView mPopularTags -> o
    android.widget.ProgressBar mPopularProgress -> p
    android.widget.CheckBox mPrivate -> q
    android.widget.CheckBox mToRead -> r
    android.widget.Button mButtonSave -> s
    android.widget.Button mButtonCancel -> t
    com.pindroid.providers.BookmarkContent$Bookmark bookmark -> u
    java.lang.Boolean update -> v
    java.lang.Boolean error -> w
    com.pindroid.providers.BookmarkContent$Bookmark oldBookmark -> x
    long updateTime -> y
    com.pindroid.ui.TagSpan$OnTagClickListener tagOnClickListener -> a
    void onCreate(android.os.Bundle) -> onCreate
    void revertBookmark() -> b
    void onClick(android.view.View) -> onClick
    void onBackPressed() -> onBackPressed
    boolean onCreateOptionsMenu(android.view.Menu) -> onCreateOptionsMenu
    android.widget.EditText access$0(com.pindroid.activity.AddBookmark) -> a
    android.widget.ProgressBar access$1(com.pindroid.activity.AddBookmark) -> b
    android.widget.EditText access$2(com.pindroid.activity.AddBookmark) -> c
com.pindroid.activity.AddBookmark$1 -> com.pindroid.activity.r:
    com.pindroid.activity.AddBookmark this$0 -> a
    void onTagClick(java.lang.String) -> a
com.pindroid.activity.AddBookmark$2 -> com.pindroid.activity.t:
    com.pindroid.activity.AddBookmark this$0 -> a
    void onFocusChange(android.view.View,boolean) -> onFocusChange