proguard/usage.txt
com.pindroid.Constants
com.pindroid.R
com.pindroid.R$array
com.pindroid.R$attr
com.pindroid.R$drawable
com.pindroid.R$id
com.pindroid.R$layout
com.pindroid.R$menu
com.pindroid.R$string
com.pindroid.R$style
com.pindroid.R$xml
com.pindroid.activity.AddBookmark:
    java.lang.Thread background
com.pindroid.authenticator.AuthenticationService:
    private static final java.lang.String TAG
com.pindroid.authenticator.AuthenticatorActivity:
    public static final java.lang.String PARAM_CONFIRMCREDENTIALS
    public static final java.lang.String PARAM_PASSWORD
    public static final java.lang.String PARAM_USERNAME
    public static final java.lang.String PARAM_AUTHTOKEN_TYPE
    private static final java.lang.String TAG
com.pindroid.client.HttpClientFactory:
    public static final int REGISTRATION_TIMEOUT
com.pindroid.client.NetworkUtilities:
    private static final java.lang.String TAG
    private static final java.lang.String SCHEME
    private static final java.lang.String PINBOARD_AUTHORITY
    private static final int PORT
com.pindroid.client.PinboardApi:
    private static final java.lang.String TAG
    public static final java.lang.String FETCH_TAGS_URI
    public static final java.lang.String FETCH_SUGGESTED_TAGS_URI
    public static final java.lang.String FETCH_BOOKMARKS_URI
    public static final java.lang.String FETCH_CHANGED_BOOKMARKS_URI
    public static final java.lang.String FETCH_BOOKMARK_URI
    public static final java.lang.String LAST_UPDATE_URI
    public static final java.lang.String DELETE_BOOKMARK_URI
    public static final java.lang.String ADD_BOOKMARKS_URI
    private static final java.lang.String SCHEME
    private static final java.lang.String PINBOARD_AUTHORITY
    private static final int PORT
    216:242:public static java.util.ArrayList getBookmark(java.util.ArrayList,android.accounts.Account,android.content.Context)
com.pindroid.client.PinboardFeed:
    private static final java.lang.String TAG
    public static final java.lang.String FETCH_RECENT_URI
    public static final java.lang.String FETCH_RECENT_USER_URI
com.pindroid.client.TokenRejectedException:
    private static final long serialVersionUID
com.pindroid.platform.BatchOperation:
    51:51:public int size()
com.pindroid.providers.BookmarkContent$Bookmark:
    public static final java.lang.String CONTENT_TYPE
    public static final java.lang.String Account
    public static final java.lang.String Description
    public static final java.lang.String Url
    public static final java.lang.String Notes
    public static final java.lang.String Tags
    public static final java.lang.String Hash
    public static final java.lang.String Meta
    public static final java.lang.String Time
    public static final java.lang.String ToRead
    public static final java.lang.String Shared
com.pindroid.providers.BookmarkContentProvider:
    private static final java.lang.String DATABASE_NAME
    private static final int DATABASE_VERSION
    private static final java.lang.String BOOKMARK_TABLE_NAME
    private static final java.lang.String TAG_TABLE_NAME
    private static final int Bookmarks
    private static final int SearchSuggest
    private static final int Tags
    private static final int TagSearchSuggest
    private static final int BookmarkSearchSuggest
    private static final int TagLiveFolder
    private static final int BookmarkLiveFolder
    private static final java.lang.String SuggestionLimit
    public static final java.lang.String AUTHORITY
com.pindroid.providers.ContentNotFoundException:
    private static final long serialVersionUID
com.pindroid.providers.SearchSuggestionContent:
    28:28:static java.lang.String access$0(com.pindroid.providers.SearchSuggestionContent)
com.pindroid.providers.SearchSuggestionContent$Comparer